Arguments: 
  /nix/store/skjnm7y5v5k4az630rb5qqi6cqg0n564-nodejs-18.16.0/bin/node /etc/profiles/per-user/sammy/bin/yarn init

PATH: 
  /run/wrappers/bin:/home/sammy/.local/share/flatpak/exports/bin:/var/lib/flatpak/exports/bin:/home/sammy/.nix-profile/bin:/etc/profiles/per-user/sammy/bin:/nix/var/nix/profiles/default/bin:/run/current-system/sw/bin

Yarn version: 
  1.22.19

Node version: 
  18.16.0

Platform: 
  linux x64

Trace: 
  Error: canceled
      at Interface.<anonymous> (/nix/store/f0vl3amq96caxwfb2dh3j6rdna023qal-yarn-1.22.19/libexec/yarn/lib/cli.js:137150:13)
      at Interface.emit (node:events:513:28)
      at [_ttyWrite] [as _ttyWrite] (node:internal/readline/interface:1131:18)
      at ReadStream.onkeypress (node:internal/readline/interface:270:20)
      at ReadStream.emit (node:events:513:28)
      at emitKeys (node:internal/readline/utils:357:14)
      at emitKeys.next (<anonymous>)
      at ReadStream.onData (node:internal/readline/emitKeypressEvents:64:36)
      at ReadStream.emit (node:events:513:28)
      at addChunk (node:internal/streams/readable:324:12)

npm manifest: 
  No manifest

yarn manifest: 
  No manifest

Lockfile: 
  No lockfile
